<?xml version="1.0" encoding="UTF-8"?>
<!-- Generated by org.testng.reporters.JUnitXMLReporter -->
<testsuite hostname="CPX-85J1I2YMCLF" ignored="0" name="Test" tests="3" failures="0" timestamp="21 Jun 2018 08:12:19 GMT" time="0.377" errors="0">
  <testcase name="@BeforeTest startTest" time="0.265" classname="training.Zero.To.Hero.Selenium.ExtentReport_Example">
    <failure type="java.lang.NullPointerException">
      <![CDATA[java.lang.NullPointerException
at training.Zero.To.Hero.Selenium.ExtentReport_Example.startTest(ExtentReport_Example.java:23)
... Removed 24 stack frames]]>
    </failure>
  </testcase> <!-- @BeforeTest startTest -->
  <testcase name="@AfterMethod getTestResult" time="0.0" classname="training.Zero.To.Hero.Selenium.ExtentReport_Example">
    <skipped/>
  </testcase> <!-- @AfterMethod getTestResult -->
  <testcase name="@AfterMethod getTestResult" time="0.0" classname="training.Zero.To.Hero.Selenium.ExtentReport_Example">
    <skipped/>
  </testcase> <!-- @AfterMethod getTestResult -->
  <testcase name="@AfterMethod getTestResult" time="0.0" classname="training.Zero.To.Hero.Selenium.ExtentReport_Example">
    <skipped/>
  </testcase> <!-- @AfterMethod getTestResult -->
  <testcase name="@AfterTest End_Report" time="0.0" classname="training.Zero.To.Hero.Selenium.ExtentReport_Example">
    <skipped/>
  </testcase> <!-- @AfterTest End_Report -->
  <testcase name="testIsSkipped" time="0.0" classname="training.Zero.To.Hero.Selenium.ExtentReport_Example">
    <skipped/>
  </testcase> <!-- testIsSkipped -->
  <testcase name="testWillFail" time="0.0" classname="training.Zero.To.Hero.Selenium.ExtentReport_Example">
    <skipped/>
  </testcase> <!-- testWillFail -->
  <testcase name="testWillPass" time="0.0" classname="training.Zero.To.Hero.Selenium.ExtentReport_Example">
    <skipped/>
  </testcase> <!-- testWillPass -->
</testsuite> <!-- Test -->
