<?xml version="1.0" encoding="UTF-8"?>
<!-- Generated by org.testng.reporters.JUnitReportReporter -->
<testsuite skipped="0" hostname="CPX-85J1I2YMCLF" name="training.Zero.To.Hero.Selenium.Keyboard_Events_Example" tests="1" failures="0" timestamp="19 kesäkuuta 2018 09:03:17 GMT" time="21.510" errors="0">
  <testcase name="Keyboard_Events" time="21.510" classname="training.Zero.To.Hero.Selenium.Keyboard_Events_Example"/>
</testsuite> <!-- training.Zero.To.Hero.Selenium.Keyboard_Events_Example -->
