<?xml version="1.0" encoding="UTF-8"?>
<testng-results skipped="0" failed="0" ignored="0" total="1" passed="1">
  <reporter-output>
  </reporter-output>
  <suite name="Default suite" duration-ms="9207" started-at="2018-06-14T09:31:12Z" finished-at="2018-06-14T09:31:21Z">
    <groups>
    </groups>
    <test name="Default test" duration-ms="9207" started-at="2018-06-14T09:31:12Z" finished-at="2018-06-14T09:31:21Z">
      <class name="training.Zero.To.Hero.Selenium.Verify_Title">
        <test-method status="PASS" signature="Verify()[pri:0, instance:training.Zero.To.Hero.Selenium.Verify_Title@1d057a39]" name="Verify" duration-ms="9176" started-at="2018-06-14T09:31:12Z" finished-at="2018-06-14T09:31:21Z">
          <reporter-output>
          </reporter-output>
        </test-method> <!-- Verify -->
      </class> <!-- training.Zero.To.Hero.Selenium.Verify_Title -->
    </test> <!-- Default test -->
  </suite> <!-- Default suite -->
</testng-results>
